<?xml version="1.0" encoding="UTF-8"?>
<testng-results ignored="0" total="1" passed="1" failed="0" skipped="0">
  <reporter-output>
  </reporter-output>
  <suite started-at="2022-10-01T11:37:22 IST" name="Default suite" finished-at="2022-10-01T11:37:36 IST" duration-ms="14775">
    <groups>
    </groups>
    <test started-at="2022-10-01T11:37:22 IST" name="Default test" finished-at="2022-10-01T11:37:36 IST" duration-ms="14775">
      <class name="com.testng.demo.Search">
        <test-method is-config="true" signature="beforeMethod()[pri:0, instance:com.testng.demo.Search@a38c7fe]" started-at="2022-10-01T11:37:22 IST" name="beforeMethod" finished-at="2022-10-01T11:37:29 IST" duration-ms="7404" status="PASS">
          <reporter-output>
          </reporter-output>
        </test-method> <!-- beforeMethod -->
        <test-method signature="search()[pri:0, instance:com.testng.demo.Search@a38c7fe]" started-at="2022-10-01T11:37:29 IST" name="search" finished-at="2022-10-01T11:37:36 IST" duration-ms="7233" status="PASS">
          <reporter-output>
          </reporter-output>
        </test-method> <!-- search -->
        <test-method is-config="true" signature="afterMethod()[pri:0, instance:com.testng.demo.Search@a38c7fe]" started-at="2022-10-01T11:37:36 IST" name="afterMethod" finished-at="2022-10-01T11:37:36 IST" duration-ms="3" status="PASS">
          <reporter-output>
          </reporter-output>
        </test-method> <!-- afterMethod -->
      </class> <!-- com.testng.demo.Search -->
    </test> <!-- Default test -->
  </suite> <!-- Default suite -->
</testng-results>
